2020-03-14 14:05:48.477  INFO 9464 --- [main] c.example.cloud.AdminClientApplication   : Starting AdminClientApplication on DESKTOP-UCGB2IO with PID 9464 (D:\Develop\JetBrains\IntelliJ\ProjectSpace\SpringCloud2020\admin-client\target\classes started by 12062 in D:\Develop\JetBrains\IntelliJ\ProjectSpace\SpringCloud2020)
2020-03-14 14:05:48.480  INFO 9464 --- [main] c.example.cloud.AdminClientApplication   : No active profile set, falling back to default profiles: default
2020-03-14 14:05:49.501  INFO 9464 --- [main] o.s.b.w.embedded.tomcat.TomcatWebServer  : Tomcat initialized with port(s): 9305 (http)
2020-03-14 14:05:49.510  INFO 9464 --- [main] o.apache.catalina.core.StandardService   : Starting service [Tomcat]
2020-03-14 14:05:49.512  INFO 9464 --- [main] org.apache.catalina.core.StandardEngine  : Starting Servlet engine: [Apache Tomcat/9.0.31]
2020-03-14 14:05:49.588  INFO 9464 --- [main] o.a.c.c.C.[Tomcat].[localhost].[/]       : Initializing Spring embedded WebApplicationContext
2020-03-14 14:05:49.588  INFO 9464 --- [main] o.s.web.context.ContextLoader            : Root WebApplicationContext: initialization completed in 1055 ms
2020-03-14 14:05:49.764  INFO 9464 --- [main] o.s.b.a.e.web.ServletEndpointRegistrar   : Registered '/actuator/jolokia' to jolokia-actuator-endpoint
2020-03-14 14:05:49.884  INFO 9464 --- [main] o.s.s.concurrent.ThreadPoolTaskExecutor  : Initializing ExecutorService 'applicationTaskExecutor'
2020-03-14 14:05:50.048  INFO 9464 --- [main] o.s.s.c.ThreadPoolTaskScheduler          : Initializing ExecutorService
2020-03-14 14:05:50.086  INFO 9464 --- [main] o.s.b.a.e.web.EndpointLinksResolver      : Exposing 15 endpoint(s) beneath base path '/actuator'
2020-03-14 14:05:50.151  INFO 9464 --- [main] o.s.b.w.embedded.tomcat.TomcatWebServer  : Tomcat started on port(s): 9305 (http) with context path ''
2020-03-14 14:05:50.154  INFO 9464 --- [main] c.example.cloud.AdminClientApplication   : Started AdminClientApplication in 2.367 seconds (JVM running for 3.781)
2020-03-14 14:05:51.106  INFO 9464 --- [RMI TCP Connection(4)-192.168.45.1] o.a.c.c.C.[Tomcat].[localhost].[/]       : Initializing Spring DispatcherServlet 'dispatcherServlet'
2020-03-14 14:05:51.106  INFO 9464 --- [RMI TCP Connection(4)-192.168.45.1] o.s.web.servlet.DispatcherServlet        : Initializing Servlet 'dispatcherServlet'
2020-03-14 14:05:51.110  INFO 9464 --- [RMI TCP Connection(4)-192.168.45.1] o.s.web.servlet.DispatcherServlet        : Completed initialization in 4 ms
2020-03-14 14:05:51.439  INFO 9464 --- [registrationTask1] d.c.b.a.c.r.ApplicationRegistrator       : Application registered itself as 502f0e58b5fe
2020-03-14 14:11:51.394  INFO 9464 --- [http-nio-9305-exec-1] o.a.c.c.C.[Tomcat].[localhost].[/]       : jolokia-actuator-endpoint: No access restrictor found, access to any MBean is allowed
2020-03-14 14:25:43.467  INFO 9464 --- [SpringContextShutdownHook] o.s.s.c.ThreadPoolTaskScheduler          : Shutting down ExecutorService
2020-03-14 14:25:43.467  INFO 9464 --- [SpringContextShutdownHook] o.s.s.concurrent.ThreadPoolTaskExecutor  : Shutting down ExecutorService 'applicationTaskExecutor'
2020-03-14 14:27:09.736  INFO 12056 --- [main] c.example.cloud.AdminClientApplication   : No active profile set, falling back to default profiles: default
2020-03-14 14:27:10.250  WARN 12056 --- [main] o.s.boot.actuate.endpoint.EndpointId     : Endpoint ID 'service-registry' contains invalid characters, please migrate to a valid format.
2020-03-14 14:27:10.344  INFO 12056 --- [main] o.s.cloud.context.scope.GenericScope     : BeanFactory id=50d9e685-2ea9-35b4-b659-b92f8402c08f
2020-03-14 14:27:10.648  INFO 12056 --- [main] o.s.b.w.embedded.tomcat.TomcatWebServer  : Tomcat initialized with port(s): 9305 (http)
2020-03-14 14:27:10.656  INFO 12056 --- [main] o.apache.catalina.core.StandardService   : Starting service [Tomcat]
2020-03-14 14:27:10.656  INFO 12056 --- [main] org.apache.catalina.core.StandardEngine  : Starting Servlet engine: [Apache Tomcat/9.0.31]
2020-03-14 14:27:10.766  INFO 12056 --- [main] o.a.c.c.C.[Tomcat].[localhost].[/]       : Initializing Spring embedded WebApplicationContext
2020-03-14 14:27:10.766  INFO 12056 --- [main] o.s.web.context.ContextLoader            : Root WebApplicationContext: initialization completed in 1018 ms
2020-03-14 14:27:10.837  WARN 12056 --- [main] c.n.c.sources.URLConfigurationSource     : No URLs will be polled as dynamic configuration sources.
2020-03-14 14:27:10.838  INFO 12056 --- [main] c.n.c.sources.URLConfigurationSource     : To enable URLs as dynamic configuration sources, define System property archaius.configurationSource.additionalUrls or make config.properties available on classpath.
2020-03-14 14:27:10.846  INFO 12056 --- [main] c.netflix.config.DynamicPropertyFactory  : DynamicPropertyFactory is initialized with configuration sources: com.netflix.config.ConcurrentCompositeConfiguration@4b432e53
2020-03-14 14:27:12.278  INFO 12056 --- [main] o.s.b.a.e.web.ServletEndpointRegistrar   : Registered '/actuator/jolokia' to jolokia-actuator-endpoint
2020-03-14 14:27:12.303  WARN 12056 --- [main] c.n.c.sources.URLConfigurationSource     : No URLs will be polled as dynamic configuration sources.
2020-03-14 14:27:12.303  INFO 12056 --- [main] c.n.c.sources.URLConfigurationSource     : To enable URLs as dynamic configuration sources, define System property archaius.configurationSource.additionalUrls or make config.properties available on classpath.
2020-03-14 14:27:12.450  INFO 12056 --- [main] o.s.s.concurrent.ThreadPoolTaskExecutor  : Initializing ExecutorService 'applicationTaskExecutor'
2020-03-14 14:27:13.344  INFO 12056 --- [main] o.s.s.c.ThreadPoolTaskScheduler          : Initializing ExecutorService
2020-03-14 14:27:14.539  WARN 12056 --- [main] ockingLoadBalancerClientRibbonWarnLogger : You already have RibbonLoadBalancerClient on your classpath. It will be used by default. As Spring Cloud Ribbon is in maintenance mode. We recommend switching to BlockingLoadBalancerClient instead. In order to use it, set the value of `spring.cloud.loadbalancer.ribbon.enabled` to `false` or remove spring-cloud-starter-netflix-ribbon from your project.
2020-03-14 14:27:14.560  INFO 12056 --- [main] o.s.b.a.e.web.EndpointLinksResolver      : Exposing 19 endpoint(s) beneath base path '/actuator'
2020-03-14 14:27:14.624  INFO 12056 --- [main] o.s.c.n.eureka.InstanceInfoFactory       : Setting initial instance status as: STARTING
2020-03-14 14:27:14.649  INFO 12056 --- [main] com.netflix.discovery.DiscoveryClient    : Initializing Eureka in region us-east-1
2020-03-14 14:27:14.689  INFO 12056 --- [main] c.n.d.provider.DiscoveryJerseyProvider   : Using JSON encoding codec LegacyJacksonJson
2020-03-14 14:27:14.689  INFO 12056 --- [main] c.n.d.provider.DiscoveryJerseyProvider   : Using JSON decoding codec LegacyJacksonJson
2020-03-14 14:27:14.780  INFO 12056 --- [main] c.n.d.provider.DiscoveryJerseyProvider   : Using XML encoding codec XStreamXml
2020-03-14 14:27:14.781  INFO 12056 --- [main] c.n.d.provider.DiscoveryJerseyProvider   : Using XML decoding codec XStreamXml
2020-03-14 14:27:14.949  INFO 12056 --- [main] c.n.d.s.r.aws.ConfigClusterResolver      : Resolving eureka endpoints via configuration
2020-03-14 14:27:15.576  INFO 12056 --- [main] com.netflix.discovery.DiscoveryClient    : Disable delta property : false
2020-03-14 14:27:15.577  INFO 12056 --- [main] com.netflix.discovery.DiscoveryClient    : Single vip registry refresh property : null
2020-03-14 14:27:15.577  INFO 12056 --- [main] com.netflix.discovery.DiscoveryClient    : Force full registry fetch : false
2020-03-14 14:27:15.577  INFO 12056 --- [main] com.netflix.discovery.DiscoveryClient    : Application is null : false
2020-03-14 14:27:15.577  INFO 12056 --- [main] com.netflix.discovery.DiscoveryClient    : Registered Applications size is zero : true
2020-03-14 14:27:15.577  INFO 12056 --- [main] com.netflix.discovery.DiscoveryClient    : Application version is -1: true
2020-03-14 14:27:15.577  INFO 12056 --- [main] com.netflix.discovery.DiscoveryClient    : Getting all instance registry info from the eureka server
2020-03-14 14:27:15.695  INFO 12056 --- [main] com.netflix.discovery.DiscoveryClient    : The response status is 200
2020-03-14 14:27:15.697  INFO 12056 --- [main] com.netflix.discovery.DiscoveryClient    : Starting heartbeat executor: renew interval is: 30
2020-03-14 14:27:15.699  INFO 12056 --- [main] c.n.discovery.InstanceInfoReplicator     : InstanceInfoReplicator onDemand update allowed rate per min is 4
2020-03-14 14:27:15.703  INFO 12056 --- [main] com.netflix.discovery.DiscoveryClient    : Discovery Client initialized at timestamp 1584167235701 with initial instances count: 1
2020-03-14 14:27:15.704  INFO 12056 --- [main] o.s.c.n.e.s.EurekaServiceRegistry        : Registering application ADMIN-CLIENT with eureka with status UP
2020-03-14 14:27:15.705  INFO 12056 --- [main] com.netflix.discovery.DiscoveryClient    : Saw local status change event StatusChangeEvent [timestamp=1584167235705, current=UP, previous=STARTING]
2020-03-14 14:27:15.707  INFO 12056 --- [DiscoveryClient-InstanceInfoReplicator-0] com.netflix.discovery.DiscoveryClient    : DiscoveryClient_ADMIN-CLIENT/DESKTOP-UCGB2IO:admin-client:9305: registering service...
2020-03-14 14:27:15.741  INFO 12056 --- [DiscoveryClient-InstanceInfoReplicator-0] com.netflix.discovery.DiscoveryClient    : DiscoveryClient_ADMIN-CLIENT/DESKTOP-UCGB2IO:admin-client:9305 - registration status: 204
2020-03-14 14:27:15.746  INFO 12056 --- [main] o.s.b.w.embedded.tomcat.TomcatWebServer  : Tomcat started on port(s): 9305 (http) with context path ''
2020-03-14 14:27:15.747  INFO 12056 --- [main] .s.c.n.e.s.EurekaAutoServiceRegistration : Updating port to 9305
2020-03-14 14:27:17.104  INFO 12056 --- [main] c.example.cloud.AdminClientApplication   : Started AdminClientApplication in 10.552 seconds (JVM running for 12.165)
2020-03-14 14:27:18.196  INFO 12056 --- [registrationTask1] d.c.b.a.c.r.ApplicationRegistrator       : Application registered itself as 502f0e58b5fe
2020-03-14 14:27:18.274  INFO 12056 --- [http-nio-9305-exec-1] o.a.c.c.C.[Tomcat].[localhost].[/]       : Initializing Spring DispatcherServlet 'dispatcherServlet'
2020-03-14 14:27:18.274  INFO 12056 --- [http-nio-9305-exec-1] o.s.web.servlet.DispatcherServlet        : Initializing Servlet 'dispatcherServlet'
2020-03-14 14:27:18.280  INFO 12056 --- [http-nio-9305-exec-1] o.s.web.servlet.DispatcherServlet        : Completed initialization in 6 ms
2020-03-14 14:28:12.186  INFO 12056 --- [http-nio-9305-exec-2] o.a.c.c.C.[Tomcat].[localhost].[/]       : jolokia-actuator-endpoint: No access restrictor found, access to any MBean is allowed
2020-03-14 14:29:35.726  INFO 12056 --- [SpringContextShutdownHook] o.s.c.n.e.s.EurekaServiceRegistry        : Unregistering application ADMIN-CLIENT with eureka with status DOWN
2020-03-14 14:29:35.726  WARN 12056 --- [SpringContextShutdownHook] com.netflix.discovery.DiscoveryClient    : Saw local status change event StatusChangeEvent [timestamp=1584167375726, current=DOWN, previous=UP]
2020-03-14 14:29:35.726  INFO 12056 --- [DiscoveryClient-InstanceInfoReplicator-0] com.netflix.discovery.DiscoveryClient    : DiscoveryClient_ADMIN-CLIENT/DESKTOP-UCGB2IO:admin-client:9305: registering service...
2020-03-14 14:29:35.730  INFO 12056 --- [SpringContextShutdownHook] o.s.s.c.ThreadPoolTaskScheduler          : Shutting down ExecutorService
2020-03-14 14:29:35.730  INFO 12056 --- [SpringContextShutdownHook] o.s.s.concurrent.ThreadPoolTaskExecutor  : Shutting down ExecutorService 'applicationTaskExecutor'
2020-03-14 14:29:35.731  INFO 12056 --- [DiscoveryClient-InstanceInfoReplicator-0] com.netflix.discovery.DiscoveryClient    : DiscoveryClient_ADMIN-CLIENT/DESKTOP-UCGB2IO:admin-client:9305 - registration status: 204
2020-03-14 14:29:35.733  INFO 12056 --- [SpringContextShutdownHook] com.netflix.discovery.DiscoveryClient    : Shutting down DiscoveryClient ...
2020-03-14 14:29:38.736  INFO 12056 --- [SpringContextShutdownHook] com.netflix.discovery.DiscoveryClient    : Unregistering ...
2020-03-14 14:29:38.741  INFO 12056 --- [SpringContextShutdownHook] com.netflix.discovery.DiscoveryClient    : DiscoveryClient_ADMIN-CLIENT/DESKTOP-UCGB2IO:admin-client:9305 - deregister  status: 200
2020-03-14 14:29:38.748  INFO 12056 --- [SpringContextShutdownHook] com.netflix.discovery.DiscoveryClient    : Completed shut down of DiscoveryClient
2020-03-14 14:30:09.246  INFO 19184 --- [main] c.example.cloud.AdminClientApplication   : No active profile set, falling back to default profiles: default
2020-03-14 14:30:09.785  WARN 19184 --- [main] o.s.boot.actuate.endpoint.EndpointId     : Endpoint ID 'service-registry' contains invalid characters, please migrate to a valid format.
2020-03-14 14:30:09.869  INFO 19184 --- [main] o.s.cloud.context.scope.GenericScope     : BeanFactory id=50d9e685-2ea9-35b4-b659-b92f8402c08f
2020-03-14 14:30:10.128  INFO 19184 --- [main] o.s.b.w.embedded.tomcat.TomcatWebServer  : Tomcat initialized with port(s): 9305 (http)
2020-03-14 14:30:10.135  INFO 19184 --- [main] o.apache.catalina.core.StandardService   : Starting service [Tomcat]
2020-03-14 14:30:10.135  INFO 19184 --- [main] org.apache.catalina.core.StandardEngine  : Starting Servlet engine: [Apache Tomcat/9.0.31]
2020-03-14 14:30:10.226  INFO 19184 --- [main] o.a.c.c.C.[Tomcat].[localhost].[/]       : Initializing Spring embedded WebApplicationContext
2020-03-14 14:30:10.226  INFO 19184 --- [main] o.s.web.context.ContextLoader            : Root WebApplicationContext: initialization completed in 968 ms
2020-03-14 14:30:10.279  WARN 19184 --- [main] c.n.c.sources.URLConfigurationSource     : No URLs will be polled as dynamic configuration sources.
2020-03-14 14:30:10.280  INFO 19184 --- [main] c.n.c.sources.URLConfigurationSource     : To enable URLs as dynamic configuration sources, define System property archaius.configurationSource.additionalUrls or make config.properties available on classpath.
2020-03-14 14:30:10.287  INFO 19184 --- [main] c.netflix.config.DynamicPropertyFactory  : DynamicPropertyFactory is initialized with configuration sources: com.netflix.config.ConcurrentCompositeConfiguration@40ac6b76
2020-03-14 14:30:11.618  INFO 19184 --- [main] o.s.b.a.e.web.ServletEndpointRegistrar   : Registered '/actuator/jolokia' to jolokia-actuator-endpoint
2020-03-14 14:30:11.644  WARN 19184 --- [main] c.n.c.sources.URLConfigurationSource     : No URLs will be polled as dynamic configuration sources.
2020-03-14 14:30:11.644  INFO 19184 --- [main] c.n.c.sources.URLConfigurationSource     : To enable URLs as dynamic configuration sources, define System property archaius.configurationSource.additionalUrls or make config.properties available on classpath.
2020-03-14 14:30:11.788  INFO 19184 --- [main] o.s.s.concurrent.ThreadPoolTaskExecutor  : Initializing ExecutorService 'applicationTaskExecutor'
2020-03-14 14:30:12.746  INFO 19184 --- [main] o.s.s.c.ThreadPoolTaskScheduler          : Initializing ExecutorService
2020-03-14 14:30:14.042  WARN 19184 --- [main] ockingLoadBalancerClientRibbonWarnLogger : You already have RibbonLoadBalancerClient on your classpath. It will be used by default. As Spring Cloud Ribbon is in maintenance mode. We recommend switching to BlockingLoadBalancerClient instead. In order to use it, set the value of `spring.cloud.loadbalancer.ribbon.enabled` to `false` or remove spring-cloud-starter-netflix-ribbon from your project.
2020-03-14 14:30:14.066  INFO 19184 --- [main] o.s.b.a.e.web.EndpointLinksResolver      : Exposing 19 endpoint(s) beneath base path '/actuator'
2020-03-14 14:30:14.124  INFO 19184 --- [main] o.s.c.n.eureka.InstanceInfoFactory       : Setting initial instance status as: STARTING
2020-03-14 14:30:14.148  INFO 19184 --- [main] com.netflix.discovery.DiscoveryClient    : Initializing Eureka in region us-east-1
2020-03-14 14:30:14.189  INFO 19184 --- [main] c.n.d.provider.DiscoveryJerseyProvider   : Using JSON encoding codec LegacyJacksonJson
2020-03-14 14:30:14.189  INFO 19184 --- [main] c.n.d.provider.DiscoveryJerseyProvider   : Using JSON decoding codec LegacyJacksonJson
2020-03-14 14:30:14.282  INFO 19184 --- [main] c.n.d.provider.DiscoveryJerseyProvider   : Using XML encoding codec XStreamXml
2020-03-14 14:30:14.282  INFO 19184 --- [main] c.n.d.provider.DiscoveryJerseyProvider   : Using XML decoding codec XStreamXml
2020-03-14 14:30:14.460  INFO 19184 --- [main] c.n.d.s.r.aws.ConfigClusterResolver      : Resolving eureka endpoints via configuration
2020-03-14 14:30:15.014  INFO 19184 --- [main] com.netflix.discovery.DiscoveryClient    : Disable delta property : false
2020-03-14 14:30:15.014  INFO 19184 --- [main] com.netflix.discovery.DiscoveryClient    : Single vip registry refresh property : null
2020-03-14 14:30:15.014  INFO 19184 --- [main] com.netflix.discovery.DiscoveryClient    : Force full registry fetch : false
2020-03-14 14:30:15.014  INFO 19184 --- [main] com.netflix.discovery.DiscoveryClient    : Application is null : false
2020-03-14 14:30:15.014  INFO 19184 --- [main] com.netflix.discovery.DiscoveryClient    : Registered Applications size is zero : true
2020-03-14 14:30:15.014  INFO 19184 --- [main] com.netflix.discovery.DiscoveryClient    : Application version is -1: true
2020-03-14 14:30:15.014  INFO 19184 --- [main] com.netflix.discovery.DiscoveryClient    : Getting all instance registry info from the eureka server
2020-03-14 14:30:15.115  INFO 19184 --- [main] com.netflix.discovery.DiscoveryClient    : The response status is 200
2020-03-14 14:30:15.117  INFO 19184 --- [main] com.netflix.discovery.DiscoveryClient    : Starting heartbeat executor: renew interval is: 30
2020-03-14 14:30:15.119  INFO 19184 --- [main] c.n.discovery.InstanceInfoReplicator     : InstanceInfoReplicator onDemand update allowed rate per min is 4
2020-03-14 14:30:15.121  INFO 19184 --- [main] com.netflix.discovery.DiscoveryClient    : Discovery Client initialized at timestamp 1584167415121 with initial instances count: 1
2020-03-14 14:30:15.122  INFO 19184 --- [main] o.s.c.n.e.s.EurekaServiceRegistry        : Registering application ADMIN-CLIENT with eureka with status UP
2020-03-14 14:30:15.123  INFO 19184 --- [main] com.netflix.discovery.DiscoveryClient    : Saw local status change event StatusChangeEvent [timestamp=1584167415123, current=UP, previous=STARTING]
2020-03-14 14:30:15.124  INFO 19184 --- [DiscoveryClient-InstanceInfoReplicator-0] com.netflix.discovery.DiscoveryClient    : DiscoveryClient_ADMIN-CLIENT/DESKTOP-UCGB2IO:admin-client:9305: registering service...
2020-03-14 14:30:15.150  INFO 19184 --- [DiscoveryClient-InstanceInfoReplicator-0] com.netflix.discovery.DiscoveryClient    : DiscoveryClient_ADMIN-CLIENT/DESKTOP-UCGB2IO:admin-client:9305 - registration status: 204
2020-03-14 14:30:15.156  INFO 19184 --- [main] o.s.b.w.embedded.tomcat.TomcatWebServer  : Tomcat started on port(s): 9305 (http) with context path ''
2020-03-14 14:30:15.156  INFO 19184 --- [main] .s.c.n.e.s.EurekaAutoServiceRegistration : Updating port to 9305
2020-03-14 14:30:16.273  INFO 19184 --- [main] c.example.cloud.AdminClientApplication   : Started AdminClientApplication in 10.164 seconds (JVM running for 11.625)
2020-03-14 14:30:16.324  INFO 19184 --- [registrationTask1] d.c.b.a.c.r.ApplicationRegistrator       : Application registered itself as 502f0e58b5fe
2020-03-14 14:30:16.355  INFO 19184 --- [http-nio-9305-exec-1] o.a.c.c.C.[Tomcat].[localhost].[/]       : Initializing Spring DispatcherServlet 'dispatcherServlet'
2020-03-14 14:30:16.356  INFO 19184 --- [http-nio-9305-exec-1] o.s.web.servlet.DispatcherServlet        : Initializing Servlet 'dispatcherServlet'
2020-03-14 14:30:16.360  INFO 19184 --- [http-nio-9305-exec-1] o.s.web.servlet.DispatcherServlet        : Completed initialization in 4 ms
2020-03-14 14:35:15.015  INFO 19184 --- [AsyncResolver-bootstrap-executor-0] c.n.d.s.r.aws.ConfigClusterResolver      : Resolving eureka endpoints via configuration
2020-03-14 14:40:15.018  INFO 19184 --- [AsyncResolver-bootstrap-executor-0] c.n.d.s.r.aws.ConfigClusterResolver      : Resolving eureka endpoints via configuration
2020-03-14 14:45:15.019  INFO 19184 --- [AsyncResolver-bootstrap-executor-0] c.n.d.s.r.aws.ConfigClusterResolver      : Resolving eureka endpoints via configuration
2020-03-14 14:50:15.021  INFO 19184 --- [AsyncResolver-bootstrap-executor-0] c.n.d.s.r.aws.ConfigClusterResolver      : Resolving eureka endpoints via configuration
2020-03-14 14:55:15.023  INFO 19184 --- [AsyncResolver-bootstrap-executor-0] c.n.d.s.r.aws.ConfigClusterResolver      : Resolving eureka endpoints via configuration
2020-03-14 14:58:53.372  INFO 19184 --- [SpringContextShutdownHook] o.s.c.n.e.s.EurekaServiceRegistry        : Unregistering application ADMIN-CLIENT with eureka with status DOWN
2020-03-14 14:58:53.372  WARN 19184 --- [SpringContextShutdownHook] com.netflix.discovery.DiscoveryClient    : Saw local status change event StatusChangeEvent [timestamp=1584169133372, current=DOWN, previous=UP]
2020-03-14 14:58:53.372  INFO 19184 --- [DiscoveryClient-InstanceInfoReplicator-0] com.netflix.discovery.DiscoveryClient    : DiscoveryClient_ADMIN-CLIENT/DESKTOP-UCGB2IO:admin-client:9305: registering service...
2020-03-14 14:58:53.375  INFO 19184 --- [SpringContextShutdownHook] o.s.s.c.ThreadPoolTaskScheduler          : Shutting down ExecutorService
2020-03-14 14:58:53.375  INFO 19184 --- [SpringContextShutdownHook] o.s.s.concurrent.ThreadPoolTaskExecutor  : Shutting down ExecutorService 'applicationTaskExecutor'
2020-03-14 14:58:53.376  INFO 19184 --- [DiscoveryClient-InstanceInfoReplicator-0] com.netflix.discovery.DiscoveryClient    : DiscoveryClient_ADMIN-CLIENT/DESKTOP-UCGB2IO:admin-client:9305 - registration status: 204
2020-03-14 14:58:53.378  INFO 19184 --- [SpringContextShutdownHook] com.netflix.discovery.DiscoveryClient    : Shutting down DiscoveryClient ...
2020-03-14 14:58:56.378  INFO 19184 --- [SpringContextShutdownHook] com.netflix.discovery.DiscoveryClient    : Unregistering ...
2020-03-14 14:58:56.382  INFO 19184 --- [SpringContextShutdownHook] com.netflix.discovery.DiscoveryClient    : DiscoveryClient_ADMIN-CLIENT/DESKTOP-UCGB2IO:admin-client:9305 - deregister  status: 200
2020-03-14 14:58:56.390  INFO 19184 --- [SpringContextShutdownHook] com.netflix.discovery.DiscoveryClient    : Completed shut down of DiscoveryClient
